app/build/outputs/logs/manifest-merger-debug-report.txt
-- Merging decision tree log ---
manifest
ADDED from src/main/AndroidManifest.xml:19:1-94:12
	package
		ADDED from src/main/AndroidManifest.xml:20:5-33
		INJECTED from src/main/AndroidManifest.xml
		INJECTED from src/main/AndroidManifest.xml
	android:versionName
		ADDED from src/main/AndroidManifest.xml:22:5-35
		INJECTED from src/main/AndroidManifest.xml
		INJECTED from src/main/AndroidManifest.xml
	android:versionCode
		ADDED from src/main/AndroidManifest.xml:21:5-28
		INJECTED from src/main/AndroidManifest.xml
		INJECTED from src/main/AndroidManifest.xml
	xmlns:android
		ADDED from src/main/AndroidManifest.xml:19:11-69
uses-sdk
ADDED from src/main/AndroidManifest.xml:24:5-26:41
MERGED from [com.android.support:appcompat-v7:21.0.3] AndroidManifest.xml:15:5-42
MERGED from [com.android.support:support-v4:21.0.3] AndroidManifest.xml:15:5-42
MERGED from [com.android.support:support-v4:21.0.3] AndroidManifest.xml:15:5-42
	android:targetSdkVersion
		ADDED from src/main/AndroidManifest.xml:26:9-38
		INJECTED from src/main/AndroidManifest.xml
		INJECTED from src/main/AndroidManifest.xml
	android:minSdkVersion
		ADDED from src/main/AndroidManifest.xml:25:9-35
		INJECTED from src/main/AndroidManifest.xml
		INJECTED from src/main/AndroidManifest.xml
uses-permission#android.permission.ACCESS_LOCATION
ADDED from src/main/AndroidManifest.xml:28:5-73
	android:name
		ADDED from src/main/AndroidManifest.xml:28:22-71
uses-permission#android.permission.ACCESS_FINE_LOCATION
ADDED from src/main/AndroidManifest.xml:29:5-79
	android:name
		ADDED from src/main/AndroidManifest.xml:29:22-76
uses-permission#android.permission.WRITE_EXTERNAL_STORAGE
ADDED from src/main/AndroidManifest.xml:30:5-80
	android:name
		ADDED from src/main/AndroidManifest.xml:30:22-78
uses-permission#android.permission.INTERNET
ADDED from src/main/AndroidManifest.xml:31:5-66
	android:name
		ADDED from src/main/AndroidManifest.xml:31:22-64
uses-permission#android.permission.GET_TASKS
ADDED from src/main/AndroidManifest.xml:32:5-67
	android:name
		ADDED from src/main/AndroidManifest.xml:32:22-65
uses-permission#android.permission.WAKE_LOCK
ADDED from src/main/AndroidManifest.xml:33:5-67
	android:name
		ADDED from src/main/AndroidManifest.xml:33:22-65
uses-permission#android.permission.ACCESS_NETWORK_STATE
ADDED from src/main/AndroidManifest.xml:34:5-78
	android:name
		ADDED from src/main/AndroidManifest.xml:34:22-76
uses-permission#android.permission.RECEIVE_BOOT_COMPLETED
ADDED from src/main/AndroidManifest.xml:35:5-80
	android:name
		ADDED from src/main/AndroidManifest.xml:35:22-78
uses-permission#android.permission.VIBRATE
ADDED from src/main/AndroidManifest.xml:36:5-66
	android:name
		ADDED from src/main/AndroidManifest.xml:36:22-63
application
ADDED from src/main/AndroidManifest.xml:38:5-93:16
MERGED from [com.android.support:appcompat-v7:21.0.3] AndroidManifest.xml:16:5-19
MERGED from [com.android.support:support-v4:21.0.3] AndroidManifest.xml:16:5-19
MERGED from [com.android.support:support-v4:21.0.3] AndroidManifest.xml:16:5-19
	android:label
		ADDED from src/main/AndroidManifest.xml:41:9-41
	android:launchMode
		ADDED from src/main/AndroidManifest.xml:44:9-39
	android:debuggable
		ADDED from src/main/AndroidManifest.xml:45:9-34
	android:allowBackup
		ADDED from src/main/AndroidManifest.xml:39:9-35
	android:icon
		ADDED from src/main/AndroidManifest.xml:40:9-48
	android:largeHeap
		ADDED from src/main/AndroidManifest.xml:43:9-33
	android:theme
		ADDED from src/main/AndroidManifest.xml:42:9-40
activity#org.spinsuite.login.Login
ADDED from src/main/AndroidManifest.xml:47:9-56:20
	android:label
		ADDED from src/main/AndroidManifest.xml:49:13-45
	android:configChanges
		ADDED from src/main/AndroidManifest.xml:50:13-59
	android:name
		ADDED from src/main/AndroidManifest.xml:48:13-53
intent-filter#android.intent.action.MAIN+android.intent.category.LAUNCHER
ADDED from src/main/AndroidManifest.xml:51:13-55:29
action#android.intent.action.MAIN
ADDED from src/main/AndroidManifest.xml:52:17-69
	android:name
		ADDED from src/main/AndroidManifest.xml:52:25-66
category#android.intent.category.LAUNCHER
ADDED from src/main/AndroidManifest.xml:54:17-77
	android:name
		ADDED from src/main/AndroidManifest.xml:54:27-74
activity#org.spinsuite.view.V_Preferences
ADDED from src/main/AndroidManifest.xml:58:9-159
	android:label
		ADDED from src/main/AndroidManifest.xml:58:67-99
	android:configChanges
		ADDED from src/main/AndroidManifest.xml:58:100-146
	android:name
		ADDED from src/main/AndroidManifest.xml:58:19-66
activity#org.spinsuite.view.LV_Menu
ADDED from src/main/AndroidManifest.xml:59:9-153
	android:label
		ADDED from src/main/AndroidManifest.xml:59:61-93
	android:configChanges
		ADDED from src/main/AndroidManifest.xml:59:94-140
	android:name
		ADDED from src/main/AndroidManifest.xml:59:19-60
activity#org.spinsuite.view.V_Synchronization
ADDED from src/main/AndroidManifest.xml:60:9-163
	android:label
		ADDED from src/main/AndroidManifest.xml:60:71-103
	android:configChanges
		ADDED from src/main/AndroidManifest.xml:60:104-150
	android:name
		ADDED from src/main/AndroidManifest.xml:60:19-70
activity#org.spinsuite.view.TV_Base
ADDED from src/main/AndroidManifest.xml:61:9-153
	android:label
		ADDED from src/main/AndroidManifest.xml:61:61-93
	android:configChanges
		ADDED from src/main/AndroidManifest.xml:61:94-140
	android:name
		ADDED from src/main/AndroidManifest.xml:61:19-60
activity#org.spinsuite.view.TV_DynamicActivity
ADDED from src/main/AndroidManifest.xml:62:9-66:20
	android:label
		ADDED from src/main/AndroidManifest.xml:63:13-45
	android:windowSoftInputMode
		ADDED from src/main/AndroidManifest.xml:65:13-54
	android:configChanges
		ADDED from src/main/AndroidManifest.xml:64:13-59
	android:name
		ADDED from src/main/AndroidManifest.xml:62:19-71
activity#org.spinsuite.view.V_StandardSearch
ADDED from src/main/AndroidManifest.xml:67:9-162
	android:label
		ADDED from src/main/AndroidManifest.xml:67:70-102
	android:configChanges
		ADDED from src/main/AndroidManifest.xml:67:103-149
	android:name
		ADDED from src/main/AndroidManifest.xml:67:19-69
activity#org.spinsuite.view.V_Process
ADDED from src/main/AndroidManifest.xml:68:9-155
	android:label
		ADDED from src/main/AndroidManifest.xml:68:63-95
	android:configChanges
		ADDED from src/main/AndroidManifest.xml:68:96-142
	android:name
		ADDED from src/main/AndroidManifest.xml:68:19-62
activity#org.spinsuite.view.V_AttachView
ADDED from src/main/AndroidManifest.xml:69:9-158
	android:label
		ADDED from src/main/AndroidManifest.xml:69:66-98
	android:configChanges
		ADDED from src/main/AndroidManifest.xml:69:99-145
	android:name
		ADDED from src/main/AndroidManifest.xml:69:19-65
activity#org.spinsuite.bchat.view.V_BChat
ADDED from src/main/AndroidManifest.xml:70:9-159
	android:label
		ADDED from src/main/AndroidManifest.xml:70:67-99
	android:configChanges
		ADDED from src/main/AndroidManifest.xml:70:100-146
	android:name
		ADDED from src/main/AndroidManifest.xml:70:19-66
activity#org.spinsuite.bchat.view.V_BChat_AddGroup
ADDED from src/main/AndroidManifest.xml:71:9-168
	android:label
		ADDED from src/main/AndroidManifest.xml:71:76-108
	android:configChanges
		ADDED from src/main/AndroidManifest.xml:71:109-155
	android:name
		ADDED from src/main/AndroidManifest.xml:71:19-75
service#org.spinsuite.sync.InitialLoadTask
ADDED from src/main/AndroidManifest.xml:73:9-69
	android:name
		ADDED from src/main/AndroidManifest.xml:73:18-67
service#org.spinsuite.sync.SyncService
ADDED from src/main/AndroidManifest.xml:74:9-65
	android:name
		ADDED from src/main/AndroidManifest.xml:74:18-63
service#org.eclipse.paho.android.service.MqttService
ADDED from src/main/AndroidManifest.xml:76:9-79
	android:name
		ADDED from src/main/AndroidManifest.xml:76:18-77
service#org.spinsuite.mqtt.connection.MQTTSyncService
ADDED from src/main/AndroidManifest.xml:78:9-80
	android:name
		ADDED from src/main/AndroidManifest.xml:78:18-78
receiver#org.spinsuite.mqtt.connection.MQTTBootReceiver
ADDED from src/main/AndroidManifest.xml:80:9-86:14
	android:name
		ADDED from src/main/AndroidManifest.xml:80:19-80
intent-filter#android.intent.action.BOOT_COMPLETED+android.intent.action.QUICKBOOT_POWERON+android.net.conn.CONNECTIVITY_CHANGE
ADDED from src/main/AndroidManifest.xml:81:8-85:24
action#android.intent.action.BOOT_COMPLETED
ADDED from src/main/AndroidManifest.xml:82:11-72
	android:name
		ADDED from src/main/AndroidManifest.xml:82:19-70
action#android.intent.action.QUICKBOOT_POWERON
ADDED from src/main/AndroidManifest.xml:83:11-76
	android:name
		ADDED from src/main/AndroidManifest.xml:83:19-73
action#android.net.conn.CONNECTIVITY_CHANGE
ADDED from src/main/AndroidManifest.xml:84:11-72
	android:name
		ADDED from src/main/AndroidManifest.xml:84:19-70
receiver#org.spinsuite.mqtt.connection.MQTTNetworkReceiver
ADDED from src/main/AndroidManifest.xml:88:9-92:14
	android:name
		ADDED from src/main/AndroidManifest.xml:88:19-83
intent-filter#android.net.conn.CONNECTIVITY_CHANGE
ADDED from src/main/AndroidManifest.xml:89:8-91:24